<?xml version="1.0" encoding="UTF-8"?>
<!-- Generated by org.testng.reporters.JUnitReportReporter -->
<testsuite skipped="0" hostname="DESKTOP-0VKQUJV" name="com.WebElement.AddWebElement.AddWebElement" tests="28" failures="0" timestamp="19 May 2020 14:39:34 GMT" time="419.808" errors="0">
  <testcase name="addingElements" time="13.615" classname="com.WebElement.AddWebElement.AddWebElement"/>
  <testcase name="addingElements" time="16.471" classname="com.WebElement.AddWebElement.AddWebElement"/>
  <testcase name="addingElements" time="15.942" classname="com.WebElement.AddWebElement.AddWebElement"/>
  <testcase name="addingElements" time="13.394" classname="com.WebElement.AddWebElement.AddWebElement"/>
  <testcase name="addingElements" time="12.778" classname="com.WebElement.AddWebElement.AddWebElement"/>
  <testcase name="addingElements" time="18.114" classname="com.WebElement.AddWebElement.AddWebElement"/>
  <testcase name="addingElements" time="19.393" classname="com.WebElement.AddWebElement.AddWebElement"/>
  <testcase name="addingElements" time="11.807" classname="com.WebElement.AddWebElement.AddWebElement"/>
  <testcase name="addingElements" time="15.573" classname="com.WebElement.AddWebElement.AddWebElement"/>
  <testcase name="addingElements" time="13.118" classname="com.WebElement.AddWebElement.AddWebElement"/>
  <testcase name="addingElements" time="15.810" classname="com.WebElement.AddWebElement.AddWebElement"/>
  <testcase name="addingElements" time="13.877" classname="com.WebElement.AddWebElement.AddWebElement"/>
  <testcase name="addingElements" time="14.020" classname="com.WebElement.AddWebElement.AddWebElement"/>
  <testcase name="addingElements" time="20.965" classname="com.WebElement.AddWebElement.AddWebElement"/>
  <testcase name="addingElements" time="14.094" classname="com.WebElement.AddWebElement.AddWebElement"/>
  <testcase name="addingElements" time="11.743" classname="com.WebElement.AddWebElement.AddWebElement"/>
  <testcase name="addingElements" time="14.654" classname="com.WebElement.AddWebElement.AddWebElement"/>
  <testcase name="addingElements" time="15.563" classname="com.WebElement.AddWebElement.AddWebElement"/>
  <testcase name="addingElements" time="12.616" classname="com.WebElement.AddWebElement.AddWebElement"/>
  <testcase name="addingElements" time="16.070" classname="com.WebElement.AddWebElement.AddWebElement"/>
  <testcase name="addingElements" time="11.522" classname="com.WebElement.AddWebElement.AddWebElement"/>
  <testcase name="addingElements" time="17.578" classname="com.WebElement.AddWebElement.AddWebElement"/>
  <testcase name="addingElements" time="13.971" classname="com.WebElement.AddWebElement.AddWebElement"/>
  <testcase name="addingElements" time="19.956" classname="com.WebElement.AddWebElement.AddWebElement"/>
  <testcase name="addingElements" time="16.476" classname="com.WebElement.AddWebElement.AddWebElement"/>
  <testcase name="addingElements" time="11.516" classname="com.WebElement.AddWebElement.AddWebElement"/>
  <testcase name="addingElements" time="16.887" classname="com.WebElement.AddWebElement.AddWebElement"/>
  <testcase name="addingElements" time="12.285" classname="com.WebElement.AddWebElement.AddWebElement"/>
</testsuite> <!-- com.WebElement.AddWebElement.AddWebElement -->
